<?xml version="1.0" encoding="UTF-8"?>
<!-- Generated by org.testng.reporters.JUnitReportReporter -->
<testsuite hostname="Maria" failures="0" tests="4" name="Project.Registration_1_Maria.Registration_Page" time="3.169" errors="0" timestamp="2023-10-16T10:49:14 EDT" skipped="0">
  <testcase classname="Project.Registration_1_Maria.Registration_Page" name="Verify_error_message" time="1.823"/>
  <testcase classname="Project.Registration_1_Maria.Registration_Page" name="redirect_to_the_login_page" time="1.016"/>
  <testcase classname="Project.Registration_1_Maria.Registration_Page" name="Validate_Webpage" time="0.071"/>
  <testcase classname="Project.Registration_1_Maria.Registration_Page" name="Verify_indication_of_mandatory_fields" time="0.259"/>
</testsuite> <!-- Project.Registration_1_Maria.Registration_Page -->
